[debug] [2020-03-24T16:00:04.284Z] ----------------------------------------------------------------------
[debug] [2020-03-24T16:00:04.293Z] Command:       C:\Program Files\nodejs\node.exe C:\Users\owner\AppData\Roaming\npm\node_modules\firebase-tools\lib\bin\firebase.js --debug login
[debug] [2020-03-24T16:00:04.294Z] CLI Version:   7.16.0
[debug] [2020-03-24T16:00:04.295Z] Platform:      win32
[debug] [2020-03-24T16:00:04.296Z] Node Version:  v12.14.1
[debug] [2020-03-24T16:00:04.315Z] Time:          Tue Mar 24 2020 12:00:04 GMT-0400 (Eastern Daylight Time)
[debug] [2020-03-24T16:00:04.321Z] ----------------------------------------------------------------------
[debug] [2020-03-24T16:00:04.322Z] 
[info] i  Firebase optionally collects CLI usage and error reporting information to help improve our products. Data is collected in accordance with Google's privacy policy (https://policies.google.com/privacy) and is not used to identify you.

[info] i  To change your data collection preference at any time, run `firebase logout` and log in again.
[info] 
[info] Visit this URL on this device to log in:
[info] https://accounts.google.com/o/oauth2/auth?client_id=563584335869-fgrhgmd47bqnekij5i8b5pr03ho849e6.apps.googleusercontent.com&scope=email%20openid%20https%3A%2F%2Fwww.googleapis.com%2Fauth%2Fcloudplatformprojects.readonly%20https%3A%2F%2Fwww.googleapis.com%2Fauth%2Ffirebase%20https%3A%2F%2Fwww.googleapis.com%2Fauth%2Fcloud-platform&response_type=code&state=944503819&redirect_uri=http%3A%2F%2Flocalhost%3A9005
[info] 
[info] Waiting for authentication...
[debug] [2020-03-24T16:00:13.917Z] >>> HTTP REQUEST POST https://accounts.google.com/o/oauth2/token  

[debug] [2020-03-24T16:00:15.930Z] Token Fetch Error: FirebaseError: Server Error. tunneling socket could not be established, cause=connect ECONNREFUSED 127.0.0.1:1080
    at Request._callback (C:\Users\owner\AppData\Roaming\npm\node_modules\firebase-tools\lib\api.js:31:31)
    at self.callback (C:\Users\owner\AppData\Roaming\npm\node_modules\firebase-tools\node_modules\request\request.js:185:22)
    at Request.emit (events.js:223:5)
    at Request.EventEmitter.emit (domain.js:475:20)
    at Request.onRequestError (C:\Users\owner\AppData\Roaming\npm\node_modules\firebase-tools\node_modules\request\request.js:877:8)
    at ClientRequest.emit (events.js:223:5)
    at ClientRequest.EventEmitter.emit (domain.js:475:20)
    at ClientRequest.onError (C:\Users\owner\AppData\Roaming\npm\node_modules\firebase-tools\node_modules\tunnel-agent\index.js:179:21)
    at Object.onceWrapper (events.js:313:26)
    at ClientRequest.emit (events.js:223:5)
    at ClientRequest.EventEmitter.emit (domain.js:475:20)
    at Socket.socketErrorListener (_http_client.js:406:9)
    at Socket.emit (events.js:223:5)
    at Socket.EventEmitter.emit (domain.js:475:20)
    at emitErrorNT (internal/streams/destroy.js:92:8)
    at emitErrorAndCloseNT (internal/streams/destroy.js:60:3)
[debug] [2020-03-24T16:10:01.030Z] ----------------------------------------------------------------------
[debug] [2020-03-24T16:10:01.032Z] Command:       C:\Program Files\nodejs\node.exe C:\Users\owner\AppData\Roaming\npm\node_modules\firebase-tools\lib\bin\firebase.js login
[debug] [2020-03-24T16:10:01.032Z] CLI Version:   7.16.0
[debug] [2020-03-24T16:10:01.032Z] Platform:      win32
[debug] [2020-03-24T16:10:01.032Z] Node Version:  v12.14.1
[debug] [2020-03-24T16:10:01.037Z] Time:          Tue Mar 24 2020 12:10:01 GMT-0400 (Eastern Daylight Time)
[debug] [2020-03-24T16:10:01.037Z] ----------------------------------------------------------------------
[debug] [2020-03-24T16:10:01.037Z] 
[info] i  Firebase optionally collects CLI usage and error reporting information to help improve our products. Data is collected in accordance with Google's privacy policy (https://policies.google.com/privacy) and is not used to identify you.

[info] i  To change your data collection preference at any time, run `firebase logout` and log in again.
[info] 
[info] Visit this URL on this device to log in:
[info] https://accounts.google.com/o/oauth2/auth?client_id=563584335869-fgrhgmd47bqnekij5i8b5pr03ho849e6.apps.googleusercontent.com&scope=email%20openid%20https%3A%2F%2Fwww.googleapis.com%2Fauth%2Fcloudplatformprojects.readonly%20https%3A%2F%2Fwww.googleapis.com%2Fauth%2Ffirebase%20https%3A%2F%2Fwww.googleapis.com%2Fauth%2Fcloud-platform&response_type=code&state=609525611&redirect_uri=http%3A%2F%2Flocalhost%3A9005
[info] 
[info] Waiting for authentication...
[debug] [2020-03-24T16:10:10.002Z] >>> HTTP REQUEST POST https://accounts.google.com/o/oauth2/token  

[debug] [2020-03-24T16:10:12.015Z] Token Fetch Error: FirebaseError: Server Error. tunneling socket could not be established, cause=connect ECONNREFUSED 127.0.0.1:80
    at Request._callback (C:\Users\owner\AppData\Roaming\npm\node_modules\firebase-tools\lib\api.js:31:31)
    at self.callback (C:\Users\owner\AppData\Roaming\npm\node_modules\firebase-tools\node_modules\request\request.js:185:22)
    at Request.emit (events.js:223:5)
    at Request.EventEmitter.emit (domain.js:475:20)
    at Request.onRequestError (C:\Users\owner\AppData\Roaming\npm\node_modules\firebase-tools\node_modules\request\request.js:877:8)
    at ClientRequest.emit (events.js:223:5)
    at ClientRequest.EventEmitter.emit (domain.js:475:20)
    at ClientRequest.onError (C:\Users\owner\AppData\Roaming\npm\node_modules\firebase-tools\node_modules\tunnel-agent\index.js:179:21)
    at Object.onceWrapper (events.js:313:26)
    at ClientRequest.emit (events.js:223:5)
    at ClientRequest.EventEmitter.emit (domain.js:475:20)
    at Socket.socketErrorListener (_http_client.js:406:9)
    at Socket.emit (events.js:223:5)
    at Socket.EventEmitter.emit (domain.js:475:20)
    at emitErrorNT (internal/streams/destroy.js:92:8)
    at emitErrorAndCloseNT (internal/streams/destroy.js:60:3)
[debug] [2020-03-24T16:22:36.422Z] ----------------------------------------------------------------------
[debug] [2020-03-24T16:22:36.425Z] Command:       C:\Program Files\nodejs\node.exe C:\Users\owner\AppData\Roaming\npm\node_modules\firebase-tools\lib\bin\firebase.js login
[debug] [2020-03-24T16:22:36.425Z] CLI Version:   7.16.0
[debug] [2020-03-24T16:22:36.425Z] Platform:      win32
[debug] [2020-03-24T16:22:36.425Z] Node Version:  v12.14.1
[debug] [2020-03-24T16:22:36.430Z] Time:          Tue Mar 24 2020 12:22:36 GMT-0400 (Eastern Daylight Time)
[debug] [2020-03-24T16:22:36.430Z] ----------------------------------------------------------------------
[debug] [2020-03-24T16:22:36.430Z] 
[info] i  Firebase optionally collects CLI usage and error reporting information to help improve our products. Data is collected in accordance with Google's privacy policy (https://policies.google.com/privacy) and is not used to identify you.

[info] i  To change your data collection preference at any time, run `firebase logout` and log in again.
[info] 
[info] Visit this URL on this device to log in:
[info] https://accounts.google.com/o/oauth2/auth?client_id=563584335869-fgrhgmd47bqnekij5i8b5pr03ho849e6.apps.googleusercontent.com&scope=email%20openid%20https%3A%2F%2Fwww.googleapis.com%2Fauth%2Fcloudplatformprojects.readonly%20https%3A%2F%2Fwww.googleapis.com%2Fauth%2Ffirebase%20https%3A%2F%2Fwww.googleapis.com%2Fauth%2Fcloud-platform&response_type=code&state=571259741&redirect_uri=http%3A%2F%2Flocalhost%3A9005
[info] 
[info] Waiting for authentication...
[debug] [2020-03-24T16:23:03.387Z] >>> HTTP REQUEST POST https://accounts.google.com/o/oauth2/token  

[debug] [2020-03-24T16:23:05.400Z] Token Fetch Error: FirebaseError: Server Error. tunneling socket could not be established, cause=connect ECONNREFUSED 127.0.0.1:80
    at Request._callback (C:\Users\owner\AppData\Roaming\npm\node_modules\firebase-tools\lib\api.js:31:31)
    at self.callback (C:\Users\owner\AppData\Roaming\npm\node_modules\firebase-tools\node_modules\request\request.js:185:22)
    at Request.emit (events.js:223:5)
    at Request.EventEmitter.emit (domain.js:475:20)
    at Request.onRequestError (C:\Users\owner\AppData\Roaming\npm\node_modules\firebase-tools\node_modules\request\request.js:877:8)
    at ClientRequest.emit (events.js:223:5)
    at ClientRequest.EventEmitter.emit (domain.js:475:20)
    at ClientRequest.onError (C:\Users\owner\AppData\Roaming\npm\node_modules\firebase-tools\node_modules\tunnel-agent\index.js:179:21)
    at Object.onceWrapper (events.js:313:26)
    at ClientRequest.emit (events.js:223:5)
    at ClientRequest.EventEmitter.emit (domain.js:475:20)
    at Socket.socketErrorListener (_http_client.js:406:9)
    at Socket.emit (events.js:223:5)
    at Socket.EventEmitter.emit (domain.js:475:20)
    at emitErrorNT (internal/streams/destroy.js:92:8)
    at emitErrorAndCloseNT (internal/streams/destroy.js:60:3)
[debug] [2020-03-24T16:25:16.950Z] ----------------------------------------------------------------------
[debug] [2020-03-24T16:25:16.953Z] Command:       C:\Program Files\nodejs\node.exe C:\Users\owner\AppData\Roaming\npm\node_modules\firebase-tools\lib\bin\firebase.js login
[debug] [2020-03-24T16:25:16.953Z] CLI Version:   7.16.0
[debug] [2020-03-24T16:25:16.953Z] Platform:      win32
[debug] [2020-03-24T16:25:16.953Z] Node Version:  v12.14.1
[debug] [2020-03-24T16:25:16.957Z] Time:          Tue Mar 24 2020 12:25:16 GMT-0400 (Eastern Daylight Time)
[debug] [2020-03-24T16:25:16.957Z] ----------------------------------------------------------------------
[debug] [2020-03-24T16:25:16.957Z] 
[info] i  Firebase optionally collects CLI usage and error reporting information to help improve our products. Data is collected in accordance with Google's privacy policy (https://policies.google.com/privacy) and is not used to identify you.

[info] i  To change your data collection preference at any time, run `firebase logout` and log in again.
[info] 
[info] Visit this URL on this device to log in:
[info] https://accounts.google.com/o/oauth2/auth?client_id=563584335869-fgrhgmd47bqnekij5i8b5pr03ho849e6.apps.googleusercontent.com&scope=email%20openid%20https%3A%2F%2Fwww.googleapis.com%2Fauth%2Fcloudplatformprojects.readonly%20https%3A%2F%2Fwww.googleapis.com%2Fauth%2Ffirebase%20https%3A%2F%2Fwww.googleapis.com%2Fauth%2Fcloud-platform&response_type=code&state=273365630&redirect_uri=http%3A%2F%2Flocalhost%3A9005
[info] 
[info] Waiting for authentication...
[debug] [2020-03-24T16:25:25.609Z] >>> HTTP REQUEST POST https://accounts.google.com/o/oauth2/token  

[debug] [2020-03-24T16:25:27.624Z] Token Fetch Error: FirebaseError: Server Error. tunneling socket could not be established, cause=connect ECONNREFUSED 127.0.0.1:80
    at Request._callback (C:\Users\owner\AppData\Roaming\npm\node_modules\firebase-tools\lib\api.js:31:31)
    at self.callback (C:\Users\owner\AppData\Roaming\npm\node_modules\firebase-tools\node_modules\request\request.js:185:22)
    at Request.emit (events.js:223:5)
    at Request.EventEmitter.emit (domain.js:475:20)
    at Request.onRequestError (C:\Users\owner\AppData\Roaming\npm\node_modules\firebase-tools\node_modules\request\request.js:877:8)
    at ClientRequest.emit (events.js:223:5)
    at ClientRequest.EventEmitter.emit (domain.js:475:20)
    at ClientRequest.onError (C:\Users\owner\AppData\Roaming\npm\node_modules\firebase-tools\node_modules\tunnel-agent\index.js:179:21)
    at Object.onceWrapper (events.js:313:26)
    at ClientRequest.emit (events.js:223:5)
    at ClientRequest.EventEmitter.emit (domain.js:475:20)
    at Socket.socketErrorListener (_http_client.js:406:9)
    at Socket.emit (events.js:223:5)
    at Socket.EventEmitter.emit (domain.js:475:20)
    at emitErrorNT (internal/streams/destroy.js:92:8)
    at emitErrorAndCloseNT (internal/streams/destroy.js:60:3)
[debug] [2020-03-24T16:51:14.577Z] ----------------------------------------------------------------------
[debug] [2020-03-24T16:51:14.580Z] Command:       C:\Program Files\nodejs\node.exe C:\Users\owner\AppData\Roaming\npm\node_modules\firebase-tools\lib\bin\firebase.js login
[debug] [2020-03-24T16:51:14.580Z] CLI Version:   7.16.0
[debug] [2020-03-24T16:51:14.580Z] Platform:      win32
[debug] [2020-03-24T16:51:14.580Z] Node Version:  v12.14.1
[debug] [2020-03-24T16:51:14.585Z] Time:          Tue Mar 24 2020 12:51:14 GMT-0400 (Eastern Daylight Time)
[debug] [2020-03-24T16:51:14.585Z] ----------------------------------------------------------------------
[debug] [2020-03-24T16:51:14.585Z] 
[info] i  Firebase optionally collects CLI usage and error reporting information to help improve our products. Data is collected in accordance with Google's privacy policy (https://policies.google.com/privacy) and is not used to identify you.

[info] i  To change your data collection preference at any time, run `firebase logout` and log in again.
[info] 
[info] Visit this URL on this device to log in:
[info] https://accounts.google.com/o/oauth2/auth?client_id=563584335869-fgrhgmd47bqnekij5i8b5pr03ho849e6.apps.googleusercontent.com&scope=email%20openid%20https%3A%2F%2Fwww.googleapis.com%2Fauth%2Fcloudplatformprojects.readonly%20https%3A%2F%2Fwww.googleapis.com%2Fauth%2Ffirebase%20https%3A%2F%2Fwww.googleapis.com%2Fauth%2Fcloud-platform&response_type=code&state=620956680&redirect_uri=http%3A%2F%2Flocalhost%3A9005
[info] 
[info] Waiting for authentication...
[debug] [2020-03-24T16:51:37.630Z] ----------------------------------------------------------------------
[debug] [2020-03-24T16:51:37.632Z] Command:       C:\Program Files\nodejs\node.exe C:\Users\owner\AppData\Roaming\npm\node_modules\firebase-tools\lib\bin\firebase.js login
[debug] [2020-03-24T16:51:37.632Z] CLI Version:   7.16.0
[debug] [2020-03-24T16:51:37.632Z] Platform:      win32
[debug] [2020-03-24T16:51:37.632Z] Node Version:  v12.14.1
[debug] [2020-03-24T16:51:37.637Z] Time:          Tue Mar 24 2020 12:51:37 GMT-0400 (Eastern Daylight Time)
[debug] [2020-03-24T16:51:37.637Z] ----------------------------------------------------------------------
[debug] [2020-03-24T16:51:37.637Z] 
[info] i  Firebase optionally collects CLI usage and error reporting information to help improve our products. Data is collected in accordance with Google's privacy policy (https://policies.google.com/privacy) and is not used to identify you.

[info] i  To change your data collection preference at any time, run `firebase logout` and log in again.
[info] 
[info] Visit this URL on this device to log in:
[info] https://accounts.google.com/o/oauth2/auth?client_id=563584335869-fgrhgmd47bqnekij5i8b5pr03ho849e6.apps.googleusercontent.com&scope=email%20openid%20https%3A%2F%2Fwww.googleapis.com%2Fauth%2Fcloudplatformprojects.readonly%20https%3A%2F%2Fwww.googleapis.com%2Fauth%2Ffirebase%20https%3A%2F%2Fwww.googleapis.com%2Fauth%2Fcloud-platform&response_type=code&state=804415547&redirect_uri=http%3A%2F%2Flocalhost%3A9005
[info] 
[info] Waiting for authentication...
[debug] [2020-03-24T16:52:36.916Z] ----------------------------------------------------------------------
[debug] [2020-03-24T16:52:36.918Z] Command:       C:\Program Files\nodejs\node.exe C:\Users\owner\AppData\Roaming\npm\node_modules\firebase-tools\lib\bin\firebase.js login
[debug] [2020-03-24T16:52:36.918Z] CLI Version:   7.16.0
[debug] [2020-03-24T16:52:36.918Z] Platform:      win32
[debug] [2020-03-24T16:52:36.918Z] Node Version:  v12.14.1
[debug] [2020-03-24T16:52:36.923Z] Time:          Tue Mar 24 2020 12:52:36 GMT-0400 (Eastern Daylight Time)
[debug] [2020-03-24T16:52:36.923Z] ----------------------------------------------------------------------
[debug] [2020-03-24T16:52:36.923Z] 
[info] i  Firebase optionally collects CLI usage and error reporting information to help improve our products. Data is collected in accordance with Google's privacy policy (https://policies.google.com/privacy) and is not used to identify you.

[info] i  To change your data collection preference at any time, run `firebase logout` and log in again.
[info] 
[info] Visit this URL on this device to log in:
[info] https://accounts.google.com/o/oauth2/auth?client_id=563584335869-fgrhgmd47bqnekij5i8b5pr03ho849e6.apps.googleusercontent.com&scope=email%20openid%20https%3A%2F%2Fwww.googleapis.com%2Fauth%2Fcloudplatformprojects.readonly%20https%3A%2F%2Fwww.googleapis.com%2Fauth%2Ffirebase%20https%3A%2F%2Fwww.googleapis.com%2Fauth%2Fcloud-platform&response_type=code&state=472359740&redirect_uri=http%3A%2F%2Flocalhost%3A9005
[info] 
[info] Waiting for authentication...
[debug] [2020-03-24T16:52:45.599Z] >>> HTTP REQUEST POST https://accounts.google.com/o/oauth2/token  

[debug] [2020-03-24T16:52:47.613Z] Token Fetch Error: FirebaseError: Server Error. tunneling socket could not be established, cause=connect ECONNREFUSED 127.0.0.1:80
    at Request._callback (C:\Users\owner\AppData\Roaming\npm\node_modules\firebase-tools\lib\api.js:31:31)
    at self.callback (C:\Users\owner\AppData\Roaming\npm\node_modules\firebase-tools\node_modules\request\request.js:185:22)
    at Request.emit (events.js:223:5)
    at Request.EventEmitter.emit (domain.js:475:20)
    at Request.onRequestError (C:\Users\owner\AppData\Roaming\npm\node_modules\firebase-tools\node_modules\request\request.js:877:8)
    at ClientRequest.emit (events.js:223:5)
    at ClientRequest.EventEmitter.emit (domain.js:475:20)
    at ClientRequest.onError (C:\Users\owner\AppData\Roaming\npm\node_modules\firebase-tools\node_modules\tunnel-agent\index.js:179:21)
    at Object.onceWrapper (events.js:313:26)
    at ClientRequest.emit (events.js:223:5)
    at ClientRequest.EventEmitter.emit (domain.js:475:20)
    at Socket.socketErrorListener (_http_client.js:406:9)
    at Socket.emit (events.js:223:5)
    at Socket.EventEmitter.emit (domain.js:475:20)
    at emitErrorNT (internal/streams/destroy.js:92:8)
    at emitErrorAndCloseNT (internal/streams/destroy.js:60:3)
[debug] [2020-03-24T16:59:25.010Z] ----------------------------------------------------------------------
[debug] [2020-03-24T16:59:25.015Z] Command:       C:\Program Files\nodejs\node.exe C:\Users\owner\AppData\Roaming\npm\node_modules\firebase-tools\lib\bin\firebase.js --debug login
[debug] [2020-03-24T16:59:25.025Z] CLI Version:   7.16.0
[debug] [2020-03-24T16:59:25.026Z] Platform:      win32
[debug] [2020-03-24T16:59:25.027Z] Node Version:  v12.14.1
[debug] [2020-03-24T16:59:25.047Z] Time:          Tue Mar 24 2020 12:59:25 GMT-0400 (Eastern Daylight Time)
[debug] [2020-03-24T16:59:25.054Z] ----------------------------------------------------------------------
[debug] [2020-03-24T16:59:25.055Z] 
[info] i  Firebase optionally collects CLI usage and error reporting information to help improve our products. Data is collected in accordance with Google's privacy policy (https://policies.google.com/privacy) and is not used to identify you.

[info] i  To change your data collection preference at any time, run `firebase logout` and log in again.
[info] 
[info] Visit this URL on this device to log in:
[info] https://accounts.google.com/o/oauth2/auth?client_id=563584335869-fgrhgmd47bqnekij5i8b5pr03ho849e6.apps.googleusercontent.com&scope=email%20openid%20https%3A%2F%2Fwww.googleapis.com%2Fauth%2Fcloudplatformprojects.readonly%20https%3A%2F%2Fwww.googleapis.com%2Fauth%2Ffirebase%20https%3A%2F%2Fwww.googleapis.com%2Fauth%2Fcloud-platform&response_type=code&state=308238743&redirect_uri=http%3A%2F%2Flocalhost%3A9005
[info] 
[info] Waiting for authentication...
[debug] [2020-03-24T16:59:35.599Z] >>> HTTP REQUEST POST https://accounts.google.com/o/oauth2/token  

[debug] [2020-03-24T16:59:37.619Z] Token Fetch Error: FirebaseError: Server Error. tunneling socket could not be established, cause=connect ECONNREFUSED 127.0.0.1:80
    at Request._callback (C:\Users\owner\AppData\Roaming\npm\node_modules\firebase-tools\lib\api.js:31:31)
    at self.callback (C:\Users\owner\AppData\Roaming\npm\node_modules\firebase-tools\node_modules\request\request.js:185:22)
    at Request.emit (events.js:223:5)
    at Request.EventEmitter.emit (domain.js:475:20)
    at Request.onRequestError (C:\Users\owner\AppData\Roaming\npm\node_modules\firebase-tools\node_modules\request\request.js:877:8)
    at ClientRequest.emit (events.js:223:5)
    at ClientRequest.EventEmitter.emit (domain.js:475:20)
    at ClientRequest.onError (C:\Users\owner\AppData\Roaming\npm\node_modules\firebase-tools\node_modules\tunnel-agent\index.js:179:21)
    at Object.onceWrapper (events.js:313:26)
    at ClientRequest.emit (events.js:223:5)
    at ClientRequest.EventEmitter.emit (domain.js:475:20)
    at Socket.socketErrorListener (_http_client.js:406:9)
    at Socket.emit (events.js:223:5)
    at Socket.EventEmitter.emit (domain.js:475:20)
    at emitErrorNT (internal/streams/destroy.js:92:8)
    at emitErrorAndCloseNT (internal/streams/destroy.js:60:3)
[debug] [2020-03-24T19:13:23.891Z] ----------------------------------------------------------------------
[debug] [2020-03-24T19:13:23.895Z] Command:       C:\Program Files\nodejs\node.exe C:\Users\owner\AppData\Roaming\npm\node_modules\firebase-tools\lib\bin\firebase.js --debug login
[debug] [2020-03-24T19:13:23.901Z] CLI Version:   7.16.0
[debug] [2020-03-24T19:13:23.902Z] Platform:      win32
[debug] [2020-03-24T19:13:23.903Z] Node Version:  v12.14.1
[debug] [2020-03-24T19:13:23.911Z] Time:          Tue Mar 24 2020 15:13:23 GMT-0400 (Eastern Daylight Time)
[debug] [2020-03-24T19:13:23.918Z] ----------------------------------------------------------------------
[debug] [2020-03-24T19:13:23.919Z] 
[info] i  Firebase optionally collects CLI usage and error reporting information to help improve our products. Data is collected in accordance with Google's privacy policy (https://policies.google.com/privacy) and is not used to identify you.

[info] i  To change your data collection preference at any time, run `firebase logout` and log in again.
[info] 
[info] Visit this URL on this device to log in:
[info] https://accounts.google.com/o/oauth2/auth?client_id=563584335869-fgrhgmd47bqnekij5i8b5pr03ho849e6.apps.googleusercontent.com&scope=email%20openid%20https%3A%2F%2Fwww.googleapis.com%2Fauth%2Fcloudplatformprojects.readonly%20https%3A%2F%2Fwww.googleapis.com%2Fauth%2Ffirebase%20https%3A%2F%2Fwww.googleapis.com%2Fauth%2Fcloud-platform&response_type=code&state=870917815&redirect_uri=http%3A%2F%2Flocalhost%3A9005
[info] 
[info] Waiting for authentication...
[debug] [2020-03-24T19:13:51.861Z] ----------------------------------------------------------------------
[debug] [2020-03-24T19:13:51.864Z] Command:       C:\Program Files\nodejs\node.exe C:\Users\owner\AppData\Roaming\npm\node_modules\firebase-tools\lib\bin\firebase.js --debug login
[debug] [2020-03-24T19:13:51.907Z] CLI Version:   7.16.0
[debug] [2020-03-24T19:13:51.912Z] Platform:      win32
[debug] [2020-03-24T19:13:51.913Z] Node Version:  v12.14.1
[debug] [2020-03-24T19:13:51.920Z] Time:          Tue Mar 24 2020 15:13:51 GMT-0400 (Eastern Daylight Time)
[debug] [2020-03-24T19:13:51.921Z] ----------------------------------------------------------------------
[debug] [2020-03-24T19:13:51.950Z] 
[info] i  Firebase optionally collects CLI usage and error reporting information to help improve our products. Data is collected in accordance with Google's privacy policy (https://policies.google.com/privacy) and is not used to identify you.

[info] i  To change your data collection preference at any time, run `firebase logout` and log in again.
[info] 
[info] Visit this URL on this device to log in:
[info] https://accounts.google.com/o/oauth2/auth?client_id=563584335869-fgrhgmd47bqnekij5i8b5pr03ho849e6.apps.googleusercontent.com&scope=email%20openid%20https%3A%2F%2Fwww.googleapis.com%2Fauth%2Fcloudplatformprojects.readonly%20https%3A%2F%2Fwww.googleapis.com%2Fauth%2Ffirebase%20https%3A%2F%2Fwww.googleapis.com%2Fauth%2Fcloud-platform&response_type=code&state=1025102964&redirect_uri=http%3A%2F%2Flocalhost%3A9005
[info] 
[info] Waiting for authentication...
[debug] [2020-03-24T19:14:32.072Z] ----------------------------------------------------------------------
[debug] [2020-03-24T19:14:32.076Z] Command:       C:\Program Files\nodejs\node.exe C:\Users\owner\AppData\Roaming\npm\node_modules\firebase-tools\lib\bin\firebase.js --debug login
[debug] [2020-03-24T19:14:32.085Z] CLI Version:   7.16.0
[debug] [2020-03-24T19:14:32.087Z] Platform:      win32
[debug] [2020-03-24T19:14:32.096Z] Node Version:  v12.14.1
[debug] [2020-03-24T19:14:32.101Z] Time:          Tue Mar 24 2020 15:14:32 GMT-0400 (Eastern Daylight Time)
[debug] [2020-03-24T19:14:32.101Z] ----------------------------------------------------------------------
[debug] [2020-03-24T19:14:32.102Z] 
[info] i  Firebase optionally collects CLI usage and error reporting information to help improve our products. Data is collected in accordance with Google's privacy policy (https://policies.google.com/privacy) and is not used to identify you.

[info] i  To change your data collection preference at any time, run `firebase logout` and log in again.
[info] 
[info] Visit this URL on this device to log in:
[info] https://accounts.google.com/o/oauth2/auth?client_id=563584335869-fgrhgmd47bqnekij5i8b5pr03ho849e6.apps.googleusercontent.com&scope=email%20openid%20https%3A%2F%2Fwww.googleapis.com%2Fauth%2Fcloudplatformprojects.readonly%20https%3A%2F%2Fwww.googleapis.com%2Fauth%2Ffirebase%20https%3A%2F%2Fwww.googleapis.com%2Fauth%2Fcloud-platform&response_type=code&state=603423524&redirect_uri=http%3A%2F%2Flocalhost%3A9005
[info] 
[info] Waiting for authentication...
[debug] [2020-03-24T19:14:46.862Z] >>> HTTP REQUEST POST https://accounts.google.com/o/oauth2/token  

[debug] [2020-03-24T19:14:48.881Z] Token Fetch Error: FirebaseError: Server Error. tunneling socket could not be established, cause=connect ECONNREFUSED 127.0.0.1:80
    at Request._callback (C:\Users\owner\AppData\Roaming\npm\node_modules\firebase-tools\lib\api.js:31:31)
    at self.callback (C:\Users\owner\AppData\Roaming\npm\node_modules\firebase-tools\node_modules\request\request.js:185:22)
    at Request.emit (events.js:223:5)
    at Request.EventEmitter.emit (domain.js:475:20)
    at Request.onRequestError (C:\Users\owner\AppData\Roaming\npm\node_modules\firebase-tools\node_modules\request\request.js:877:8)
    at ClientRequest.emit (events.js:223:5)
    at ClientRequest.EventEmitter.emit (domain.js:475:20)
    at ClientRequest.onError (C:\Users\owner\AppData\Roaming\npm\node_modules\firebase-tools\node_modules\tunnel-agent\index.js:179:21)
    at Object.onceWrapper (events.js:313:26)
    at ClientRequest.emit (events.js:223:5)
    at ClientRequest.EventEmitter.emit (domain.js:475:20)
    at Socket.socketErrorListener (_http_client.js:406:9)
    at Socket.emit (events.js:223:5)
    at Socket.EventEmitter.emit (domain.js:475:20)
    at emitErrorNT (internal/streams/destroy.js:92:8)
    at emitErrorAndCloseNT (internal/streams/destroy.js:60:3)
[debug] [2020-03-24T19:27:31.337Z] ----------------------------------------------------------------------
[debug] [2020-03-24T19:27:31.341Z] Command:       C:\Program Files\nodejs\node.exe C:\Users\owner\AppData\Roaming\npm\node_modules\firebase-tools\lib\bin\firebase.js --debug login
[debug] [2020-03-24T19:27:31.349Z] CLI Version:   7.16.0
[debug] [2020-03-24T19:27:31.351Z] Platform:      win32
[debug] [2020-03-24T19:27:31.352Z] Node Version:  v12.14.1
[debug] [2020-03-24T19:27:31.358Z] Time:          Tue Mar 24 2020 15:27:31 GMT-0400 (Eastern Daylight Time)
[debug] [2020-03-24T19:27:31.358Z] ----------------------------------------------------------------------
[debug] [2020-03-24T19:27:31.359Z] 
[info] i  Firebase optionally collects CLI usage and error reporting information to help improve our products. Data is collected in accordance with Google's privacy policy (https://policies.google.com/privacy) and is not used to identify you.

[info] i  To change your data collection preference at any time, run `firebase logout` and log in again.
[info] 
[info] Visit this URL on this device to log in:
[info] https://accounts.google.com/o/oauth2/auth?client_id=563584335869-fgrhgmd47bqnekij5i8b5pr03ho849e6.apps.googleusercontent.com&scope=email%20openid%20https%3A%2F%2Fwww.googleapis.com%2Fauth%2Fcloudplatformprojects.readonly%20https%3A%2F%2Fwww.googleapis.com%2Fauth%2Ffirebase%20https%3A%2F%2Fwww.googleapis.com%2Fauth%2Fcloud-platform&response_type=code&state=345697098&redirect_uri=http%3A%2F%2Flocalhost%3A9005
[info] 
[info] Waiting for authentication...
[debug] [2020-03-24T19:27:38.601Z] >>> HTTP REQUEST POST https://accounts.google.com/o/oauth2/token  

[debug] [2020-03-24T19:27:40.615Z] Token Fetch Error: FirebaseError: Server Error. tunneling socket could not be established, cause=connect ECONNREFUSED 127.0.0.1:80
    at Request._callback (C:\Users\owner\AppData\Roaming\npm\node_modules\firebase-tools\lib\api.js:31:31)
    at self.callback (C:\Users\owner\AppData\Roaming\npm\node_modules\firebase-tools\node_modules\request\request.js:185:22)
    at Request.emit (events.js:223:5)
    at Request.EventEmitter.emit (domain.js:475:20)
    at Request.onRequestError (C:\Users\owner\AppData\Roaming\npm\node_modules\firebase-tools\node_modules\request\request.js:877:8)
    at ClientRequest.emit (events.js:223:5)
    at ClientRequest.EventEmitter.emit (domain.js:475:20)
    at ClientRequest.onError (C:\Users\owner\AppData\Roaming\npm\node_modules\firebase-tools\node_modules\tunnel-agent\index.js:179:21)
    at Object.onceWrapper (events.js:313:26)
    at ClientRequest.emit (events.js:223:5)
    at ClientRequest.EventEmitter.emit (domain.js:475:20)
    at Socket.socketErrorListener (_http_client.js:406:9)
    at Socket.emit (events.js:223:5)
    at Socket.EventEmitter.emit (domain.js:475:20)
    at emitErrorNT (internal/streams/destroy.js:92:8)
    at emitErrorAndCloseNT (internal/streams/destroy.js:60:3)
[debug] [2020-03-24T19:28:37.103Z] ----------------------------------------------------------------------
[debug] [2020-03-24T19:28:37.106Z] Command:       C:\Program Files\nodejs\node.exe C:\Users\owner\AppData\Roaming\npm\node_modules\firebase-tools\lib\bin\firebase.js --debug login
[debug] [2020-03-24T19:28:37.111Z] CLI Version:   7.16.0
[debug] [2020-03-24T19:28:37.112Z] Platform:      win32
[debug] [2020-03-24T19:28:37.114Z] Node Version:  v12.14.1
[debug] [2020-03-24T19:28:37.120Z] Time:          Tue Mar 24 2020 15:28:37 GMT-0400 (Eastern Daylight Time)
[debug] [2020-03-24T19:28:37.120Z] ----------------------------------------------------------------------
[debug] [2020-03-24T19:28:37.120Z] 
[info] i  Firebase optionally collects CLI usage and error reporting information to help improve our products. Data is collected in accordance with Google's privacy policy (https://policies.google.com/privacy) and is not used to identify you.

[info] 
[info] Visit this URL on this device to log in:
[info] https://accounts.google.com/o/oauth2/auth?client_id=563584335869-fgrhgmd47bqnekij5i8b5pr03ho849e6.apps.googleusercontent.com&scope=email%20openid%20https%3A%2F%2Fwww.googleapis.com%2Fauth%2Fcloudplatformprojects.readonly%20https%3A%2F%2Fwww.googleapis.com%2Fauth%2Ffirebase%20https%3A%2F%2Fwww.googleapis.com%2Fauth%2Fcloud-platform&response_type=code&state=983056304&redirect_uri=http%3A%2F%2Flocalhost%3A9005
[info] 
[info] Waiting for authentication...
[debug] [2020-03-24T19:28:45.806Z] >>> HTTP REQUEST POST https://accounts.google.com/o/oauth2/token  

[debug] [2020-03-24T19:28:47.816Z] Token Fetch Error: FirebaseError: Server Error. tunneling socket could not be established, cause=connect ECONNREFUSED 127.0.0.1:80
    at Request._callback (C:\Users\owner\AppData\Roaming\npm\node_modules\firebase-tools\lib\api.js:31:31)
    at self.callback (C:\Users\owner\AppData\Roaming\npm\node_modules\firebase-tools\node_modules\request\request.js:185:22)
    at Request.emit (events.js:223:5)
    at Request.EventEmitter.emit (domain.js:475:20)
    at Request.onRequestError (C:\Users\owner\AppData\Roaming\npm\node_modules\firebase-tools\node_modules\request\request.js:877:8)
    at ClientRequest.emit (events.js:223:5)
    at ClientRequest.EventEmitter.emit (domain.js:475:20)
    at ClientRequest.onError (C:\Users\owner\AppData\Roaming\npm\node_modules\firebase-tools\node_modules\tunnel-agent\index.js:179:21)
    at Object.onceWrapper (events.js:313:26)
    at ClientRequest.emit (events.js:223:5)
    at ClientRequest.EventEmitter.emit (domain.js:475:20)
    at Socket.socketErrorListener (_http_client.js:406:9)
    at Socket.emit (events.js:223:5)
    at Socket.EventEmitter.emit (domain.js:475:20)
    at emitErrorNT (internal/streams/destroy.js:92:8)
    at emitErrorAndCloseNT (internal/streams/destroy.js:60:3)
[debug] [2020-03-24T19:32:12.247Z] ----------------------------------------------------------------------
[debug] [2020-03-24T19:32:12.251Z] Command:       C:\Program Files\nodejs\node.exe C:\Users\owner\AppData\Roaming\npm\node_modules\firebase-tools\lib\bin\firebase.js --debug login
[debug] [2020-03-24T19:32:12.257Z] CLI Version:   7.16.0
[debug] [2020-03-24T19:32:12.257Z] Platform:      win32
[debug] [2020-03-24T19:32:12.259Z] Node Version:  v12.14.1
[debug] [2020-03-24T19:32:12.265Z] Time:          Tue Mar 24 2020 15:32:12 GMT-0400 (Eastern Daylight Time)
[debug] [2020-03-24T19:32:12.266Z] ----------------------------------------------------------------------
[debug] [2020-03-24T19:32:12.266Z] 
[info] i  Firebase optionally collects CLI usage and error reporting information to help improve our products. Data is collected in accordance with Google's privacy policy (https://policies.google.com/privacy) and is not used to identify you.

[info] i  To change your data collection preference at any time, run `firebase logout` and log in again.
[info] 
[info] Visit this URL on this device to log in:
[info] https://accounts.google.com/o/oauth2/auth?client_id=563584335869-fgrhgmd47bqnekij5i8b5pr03ho849e6.apps.googleusercontent.com&scope=email%20openid%20https%3A%2F%2Fwww.googleapis.com%2Fauth%2Fcloudplatformprojects.readonly%20https%3A%2F%2Fwww.googleapis.com%2Fauth%2Ffirebase%20https%3A%2F%2Fwww.googleapis.com%2Fauth%2Fcloud-platform&response_type=code&state=501723982&redirect_uri=http%3A%2F%2Flocalhost%3A9005
[info] 
[info] Waiting for authentication...
[debug] [2020-03-24T19:32:19.341Z] >>> HTTP REQUEST POST https://accounts.google.com/o/oauth2/token  

[debug] [2020-03-24T19:32:21.354Z] Token Fetch Error: FirebaseError: Server Error. tunneling socket could not be established, cause=connect ECONNREFUSED 127.0.0.1:80
    at Request._callback (C:\Users\owner\AppData\Roaming\npm\node_modules\firebase-tools\lib\api.js:31:31)
    at self.callback (C:\Users\owner\AppData\Roaming\npm\node_modules\firebase-tools\node_modules\request\request.js:185:22)
    at Request.emit (events.js:223:5)
    at Request.EventEmitter.emit (domain.js:475:20)
    at Request.onRequestError (C:\Users\owner\AppData\Roaming\npm\node_modules\firebase-tools\node_modules\request\request.js:877:8)
    at ClientRequest.emit (events.js:223:5)
    at ClientRequest.EventEmitter.emit (domain.js:475:20)
    at ClientRequest.onError (C:\Users\owner\AppData\Roaming\npm\node_modules\firebase-tools\node_modules\tunnel-agent\index.js:179:21)
    at Object.onceWrapper (events.js:313:26)
    at ClientRequest.emit (events.js:223:5)
    at ClientRequest.EventEmitter.emit (domain.js:475:20)
    at Socket.socketErrorListener (_http_client.js:406:9)
    at Socket.emit (events.js:223:5)
    at Socket.EventEmitter.emit (domain.js:475:20)
    at emitErrorNT (internal/streams/destroy.js:92:8)
    at emitErrorAndCloseNT (internal/streams/destroy.js:60:3)
[debug] [2020-03-24T19:33:03.230Z] ----------------------------------------------------------------------
[debug] [2020-03-24T19:33:03.233Z] Command:       C:\Program Files\nodejs\node.exe C:\Users\owner\AppData\Roaming\npm\node_modules\firebase-tools\lib\bin\firebase.js --debug login
[debug] [2020-03-24T19:33:03.241Z] CLI Version:   7.16.0
[debug] [2020-03-24T19:33:03.242Z] Platform:      win32
[debug] [2020-03-24T19:33:03.243Z] Node Version:  v12.14.1
[debug] [2020-03-24T19:33:03.249Z] Time:          Tue Mar 24 2020 15:33:03 GMT-0400 (Eastern Daylight Time)
[debug] [2020-03-24T19:33:03.250Z] ----------------------------------------------------------------------
[debug] [2020-03-24T19:33:03.250Z] 
[info] i  Firebase optionally collects CLI usage and error reporting information to help improve our products. Data is collected in accordance with Google's privacy policy (https://policies.google.com/privacy) and is not used to identify you.

[info] i  To change your data collection preference at any time, run `firebase logout` and log in again.
[info] 
[info] Visit this URL on this device to log in:
[info] https://accounts.google.com/o/oauth2/auth?client_id=563584335869-fgrhgmd47bqnekij5i8b5pr03ho849e6.apps.googleusercontent.com&scope=email%20openid%20https%3A%2F%2Fwww.googleapis.com%2Fauth%2Fcloudplatformprojects.readonly%20https%3A%2F%2Fwww.googleapis.com%2Fauth%2Ffirebase%20https%3A%2F%2Fwww.googleapis.com%2Fauth%2Fcloud-platform&response_type=code&state=419783040&redirect_uri=http%3A%2F%2Flocalhost%3A9005
[info] 
[info] Waiting for authentication...
[debug] [2020-03-24T19:33:10.132Z] >>> HTTP REQUEST POST https://accounts.google.com/o/oauth2/token  

[debug] [2020-03-24T19:33:12.144Z] Token Fetch Error: FirebaseError: Server Error. tunneling socket could not be established, cause=connect ECONNREFUSED 127.0.0.1:80
    at Request._callback (C:\Users\owner\AppData\Roaming\npm\node_modules\firebase-tools\lib\api.js:31:31)
    at self.callback (C:\Users\owner\AppData\Roaming\npm\node_modules\firebase-tools\node_modules\request\request.js:185:22)
    at Request.emit (events.js:223:5)
    at Request.EventEmitter.emit (domain.js:475:20)
    at Request.onRequestError (C:\Users\owner\AppData\Roaming\npm\node_modules\firebase-tools\node_modules\request\request.js:877:8)
    at ClientRequest.emit (events.js:223:5)
    at ClientRequest.EventEmitter.emit (domain.js:475:20)
    at ClientRequest.onError (C:\Users\owner\AppData\Roaming\npm\node_modules\firebase-tools\node_modules\tunnel-agent\index.js:179:21)
    at Object.onceWrapper (events.js:313:26)
    at ClientRequest.emit (events.js:223:5)
    at ClientRequest.EventEmitter.emit (domain.js:475:20)
    at Socket.socketErrorListener (_http_client.js:406:9)
    at Socket.emit (events.js:223:5)
    at Socket.EventEmitter.emit (domain.js:475:20)
    at emitErrorNT (internal/streams/destroy.js:92:8)
    at emitErrorAndCloseNT (internal/streams/destroy.js:60:3)
